
ROM used:   435/8192 (5%)
            435/8192 (5%) including unused fragments

            0.5 Average locations per line
            5.0 Average locations per statement

RAM used:   14/368 (4%) at main() level
            24/368 (7%) worst case

Stack used: 2 worst case (2 in main + 0 for interrupts)
Stack size: 8

Lines Stmts  %   Files
----- ----- ---  -----
   63    19  22  main.c
  671     0   0  ..\..\..\..\..\..\..\Program Files (x86)\PICC\Devices\16F877A.h
    4     0   0  global.h
   59    25  29  sensor.h
  109    33  38  driver.h
    8     0   0  obstacle.h
   27     6   7  robot_state.h
   10     4   5  esp_comm.h
----- -----
  951    87 Total

Page ROM  %  RAM   Vol Diff  Functions:
---- --- --- ---   --- ----  ----------
0     11   3    1    33  1.5  read_line_sensor
 Inline         0   450  4.1  distance
0      9   2    1    59  1.8  set_speed
0     19   4    0    67  1.2  forward
 Inline         2   355  5.4  turn
 Inline         4   325  4.5  @DIVS88
0     37   9    2   270  4.6  @MUL88
0    253  58    4   280  4.9  pid_control
 Inline         6   325  4.5  @MULS1616
0     13   3    1    61  2.0  get_destination
0     34   8    0   130  1.8  init
0     55  13    0   195  3.1  MAIN
 Inline         0             @cinit1

Program metrics:
    Functions               12
    Statements              87
    Comments                181
    Volume (V)              4288
    Difficulty (D)          40.9
    Effort to implement (E) 175373
    Time to implement (T)   2 hours, 42 minutes
    Est Delivered Bugs (B)  1
    Cyclomatic Complexity   11
    Maintainability (MI)    95

 Segment     Used  Free
-----------  ----  ----
00000-00003     4  0  
00004-007FF   431  1613  
00800-00FFF     0  2048  
01000-017FF     0  2048  
01800-01FFF     0  2048  



