
ROM used:   523/8192 (6%)
            523/8192 (6%) including unused fragments

            0.5 Average locations per line
            5.0 Average locations per statement

RAM used:   15/368 (4%) at main() level
            29/368 (8%) worst case

Stack used: 2 worst case (2 in main + 0 for interrupts)
Stack size: 8

Lines Stmts  %   Files
----- ----- ---  -----
   71    24  23  shippingrobot.c
  671     0   0  ..\..\..\..\..\..\..\Program Files (x86)\PICC\Devices\16F877A.h
    4     0   0  lib\global.h
   59    25  24  lib\sensor.h
  109    33  32  lib\driver.h
    8     0   0  lib\obstacle.h
   27     6   6  lib\robot_state.h
   29    16  15  lib\esp_comm.h
----- -----
  978   104 Total

Page ROM  %  RAM   Vol Diff  Functions:
---- --- --- ---   --- ----  ----------
0     11   2    1    33  1.5  read_line_sensor
 Inline         0   450  4.1  distance
0      7   1    1    59  1.8  set_speed
0     19   4    0    67  1.2  forward
 Inline         2   355  5.4  turn
 Inline         4             @DIVS88
0     37   7    2             @MUL88
0    253  48    4   280  4.9  pid_control
 Inline         6             @MULS1616
0     28   5    4   209  5.2  get_esp_data_loop
0     23   4    3    93  3.6  get_speed
0     23   4    3    93  3.6  get_destination
0     34   7    0   130  1.8  init
0     84  16    0   478  5.3  MAIN
 Inline         0             @cinit1

Program metrics:
    Functions               11
    Statements              104
    Comments                181
    Volume (V)              3696
    Difficulty (D)          39.5
    Effort to implement (E) 145869
    Time to implement (T)   2 hours, 15 minutes
    Est Delivered Bugs (B)  1
    Cyclomatic Complexity   15
    Maintainability (MI)    104

 Segment     Used  Free
-----------  ----  ----
00000-00003     4  0  
00004-007FF   519  1525  
00800-00FFF     0  2048  
01000-017FF     0  2048  
01800-01FFF     0  2048  



